<?xml version="1.0" encoding="UTF-8"?>
<testsuite xmlns:xsi="http://www.w3.org/2001/XMLSchema-instance" xsi:noNamespaceSchemaLocation="https://maven.apache.org/surefire/maven-surefire-plugin/xsd/surefire-test-report-3.0.xsd" version="3.0" name="com.CS320.app.MainTest" time="0.002" tests="1" errors="0" skipped="0" failures="0">
  <properties>
    <property name="java.specification.version" value="20"/>
    <property name="sun.cpu.isalist" value="amd64"/>
    <property name="sun.jnu.encoding" value="Cp1252"/>
    <property name="java.class.path" value="C:\ActualLocalRepo\320Project\CS320OnlineOrdering\target\test-classes;C:\ActualLocalRepo\320Project\CS320OnlineOrdering\target\classes;C:\Users\brent\.m2\repository\org\junit\jupiter\junit-jupiter-api\5.11.0\junit-jupiter-api-5.11.0.jar;C:\Users\brent\.m2\repository\org\opentest4j\opentest4j\1.3.0\opentest4j-1.3.0.jar;C:\Users\brent\.m2\repository\org\junit\platform\junit-platform-commons\1.11.0\junit-platform-commons-1.11.0.jar;C:\Users\brent\.m2\repository\org\apiguardian\apiguardian-api\1.1.2\apiguardian-api-1.1.2.jar;C:\Users\brent\.m2\repository\org\junit\jupiter\junit-jupiter-params\5.11.0\junit-jupiter-params-5.11.0.jar;C:\Users\brent\.m2\repository\io\javalin\javalin\6.3.0\javalin-6.3.0.jar;C:\Users\brent\.m2\repository\org\slf4j\slf4j-api\2.0.16\slf4j-api-2.0.16.jar;C:\Users\brent\.m2\repository\org\eclipse\jetty\jetty-server\11.0.23\jetty-server-11.0.23.jar;C:\Users\brent\.m2\repository\org\eclipse\jetty\jetty-http\11.0.23\jetty-http-11.0.23.jar;C:\Users\brent\.m2\repository\org\eclipse\jetty\jetty-util\11.0.23\jetty-util-11.0.23.jar;C:\Users\brent\.m2\repository\org\eclipse\jetty\jetty-io\11.0.23\jetty-io-11.0.23.jar;C:\Users\brent\.m2\repository\org\eclipse\jetty\toolchain\jetty-jakarta-servlet-api\5.0.2\jetty-jakarta-servlet-api-5.0.2.jar;C:\Users\brent\.m2\repository\org\eclipse\jetty\websocket\websocket-jetty-server\11.0.23\websocket-jetty-server-11.0.23.jar;C:\Users\brent\.m2\repository\org\eclipse\jetty\jetty-servlet\11.0.23\jetty-servlet-11.0.23.jar;C:\Users\brent\.m2\repository\org\eclipse\jetty\jetty-security\11.0.23\jetty-security-11.0.23.jar;C:\Users\brent\.m2\repository\org\eclipse\jetty\jetty-webapp\11.0.23\jetty-webapp-11.0.23.jar;C:\Users\brent\.m2\repository\org\eclipse\jetty\jetty-xml\11.0.23\jetty-xml-11.0.23.jar;C:\Users\brent\.m2\repository\org\eclipse\jetty\websocket\websocket-jetty-api\11.0.23\websocket-jetty-api-11.0.23.jar;C:\Users\brent\.m2\repository\org\eclipse\jetty\websocket\websocket-jetty-common\11.0.23\websocket-jetty-common-11.0.23.jar;C:\Users\brent\.m2\repository\org\eclipse\jetty\websocket\websocket-core-common\11.0.23\websocket-core-common-11.0.23.jar;C:\Users\brent\.m2\repository\org\eclipse\jetty\websocket\websocket-servlet\11.0.23\websocket-servlet-11.0.23.jar;C:\Users\brent\.m2\repository\org\eclipse\jetty\websocket\websocket-core-server\11.0.23\websocket-core-server-11.0.23.jar;C:\Users\brent\.m2\repository\org\jetbrains\kotlin\kotlin-stdlib-jdk8\1.9.25\kotlin-stdlib-jdk8-1.9.25.jar;C:\Users\brent\.m2\repository\org\jetbrains\kotlin\kotlin-stdlib\1.9.25\kotlin-stdlib-1.9.25.jar;C:\Users\brent\.m2\repository\org\jetbrains\annotations\13.0\annotations-13.0.jar;C:\Users\brent\.m2\repository\org\jetbrains\kotlin\kotlin-stdlib-jdk7\1.9.25\kotlin-stdlib-jdk7-1.9.25.jar;C:\Users\brent\.m2\repository\com\fasterxml\jackson\core\jackson-annotations\2.18.0\jackson-annotations-2.18.0.jar;C:\Users\brent\.m2\repository\com\fasterxml\jackson\core\jackson-core\2.18.0\jackson-core-2.18.0.jar;C:\Users\brent\.m2\repository\com\fasterxml\jackson\core\jackson-databind\2.18.0\jackson-databind-2.18.0.jar;C:\Users\brent\.m2\repository\org\mariadb\jdbc\mariadb-java-client\3.5.1\mariadb-java-client-3.5.1.jar;C:\Users\brent\.m2\repository\com\github\waffle\waffle-jna\3.3.0\waffle-jna-3.3.0.jar;C:\Users\brent\.m2\repository\net\java\dev\jna\jna\5.13.0\jna-5.13.0.jar;C:\Users\brent\.m2\repository\net\java\dev\jna\jna-platform\5.13.0\jna-platform-5.13.0.jar;C:\Users\brent\.m2\repository\org\slf4j\jcl-over-slf4j\2.0.7\jcl-over-slf4j-2.0.7.jar;C:\Users\brent\.m2\repository\com\github\ben-manes\caffeine\caffeine\2.9.3\caffeine-2.9.3.jar;C:\Users\brent\.m2\repository\com\google\errorprone\error_prone_annotations\2.10.0\error_prone_annotations-2.10.0.jar;C:\Users\brent\.m2\repository\org\checkerframework\checker-qual\3.32.0\checker-qual-3.32.0.jar;C:\Users\brent\.m2\repository\org\slf4j\slf4j-simple\2.0.16\slf4j-simple-2.0.16.jar;C:\Users\brent\.m2\repository\com\google\code\gson\gson\2.3\gson-2.3.jar;"/>
    <property name="java.vm.vendor" value="Oracle Corporation"/>
    <property name="sun.arch.data.model" value="64"/>
    <property name="user.variant" value=""/>
    <property name="java.vendor.url" value="https://java.oracle.com/"/>
    <property name="user.timezone" value="America/Denver"/>
    <property name="os.name" value="Windows 11"/>
    <property name="java.vm.specification.version" value="20"/>
    <property name="sun.java.launcher" value="SUN_STANDARD"/>
    <property name="user.country" value="US"/>
    <property name="sun.boot.library.path" value="C:\Program Files\Java\jdk-20\bin"/>
    <property name="sun.java.command" value="C:\Users\brent\AppData\Local\Temp\surefire14829037903733188823\surefirebooter-20250129151728902_3.jar C:\Users\brent\AppData\Local\Temp\surefire14829037903733188823 2025-01-29T15-17-28_797-jvmRun1 surefire-20250129151728902_1tmp surefire_0-20250129151728902_2tmp"/>
    <property name="jdk.debug" value="release"/>
    <property name="surefire.test.class.path" value="C:\ActualLocalRepo\320Project\CS320OnlineOrdering\target\test-classes;C:\ActualLocalRepo\320Project\CS320OnlineOrdering\target\classes;C:\Users\brent\.m2\repository\org\junit\jupiter\junit-jupiter-api\5.11.0\junit-jupiter-api-5.11.0.jar;C:\Users\brent\.m2\repository\org\opentest4j\opentest4j\1.3.0\opentest4j-1.3.0.jar;C:\Users\brent\.m2\repository\org\junit\platform\junit-platform-commons\1.11.0\junit-platform-commons-1.11.0.jar;C:\Users\brent\.m2\repository\org\apiguardian\apiguardian-api\1.1.2\apiguardian-api-1.1.2.jar;C:\Users\brent\.m2\repository\org\junit\jupiter\junit-jupiter-params\5.11.0\junit-jupiter-params-5.11.0.jar;C:\Users\brent\.m2\repository\io\javalin\javalin\6.3.0\javalin-6.3.0.jar;C:\Users\brent\.m2\repository\org\slf4j\slf4j-api\2.0.16\slf4j-api-2.0.16.jar;C:\Users\brent\.m2\repository\org\eclipse\jetty\jetty-server\11.0.23\jetty-server-11.0.23.jar;C:\Users\brent\.m2\repository\org\eclipse\jetty\jetty-http\11.0.23\jetty-http-11.0.23.jar;C:\Users\brent\.m2\repository\org\eclipse\jetty\jetty-util\11.0.23\jetty-util-11.0.23.jar;C:\Users\brent\.m2\repository\org\eclipse\jetty\jetty-io\11.0.23\jetty-io-11.0.23.jar;C:\Users\brent\.m2\repository\org\eclipse\jetty\toolchain\jetty-jakarta-servlet-api\5.0.2\jetty-jakarta-servlet-api-5.0.2.jar;C:\Users\brent\.m2\repository\org\eclipse\jetty\websocket\websocket-jetty-server\11.0.23\websocket-jetty-server-11.0.23.jar;C:\Users\brent\.m2\repository\org\eclipse\jetty\jetty-servlet\11.0.23\jetty-servlet-11.0.23.jar;C:\Users\brent\.m2\repository\org\eclipse\jetty\jetty-security\11.0.23\jetty-security-11.0.23.jar;C:\Users\brent\.m2\repository\org\eclipse\jetty\jetty-webapp\11.0.23\jetty-webapp-11.0.23.jar;C:\Users\brent\.m2\repository\org\eclipse\jetty\jetty-xml\11.0.23\jetty-xml-11.0.23.jar;C:\Users\brent\.m2\repository\org\eclipse\jetty\websocket\websocket-jetty-api\11.0.23\websocket-jetty-api-11.0.23.jar;C:\Users\brent\.m2\repository\org\eclipse\jetty\websocket\websocket-jetty-common\11.0.23\websocket-jetty-common-11.0.23.jar;C:\Users\brent\.m2\repository\org\eclipse\jetty\websocket\websocket-core-common\11.0.23\websocket-core-common-11.0.23.jar;C:\Users\brent\.m2\repository\org\eclipse\jetty\websocket\websocket-servlet\11.0.23\websocket-servlet-11.0.23.jar;C:\Users\brent\.m2\repository\org\eclipse\jetty\websocket\websocket-core-server\11.0.23\websocket-core-server-11.0.23.jar;C:\Users\brent\.m2\repository\org\jetbrains\kotlin\kotlin-stdlib-jdk8\1.9.25\kotlin-stdlib-jdk8-1.9.25.jar;C:\Users\brent\.m2\repository\org\jetbrains\kotlin\kotlin-stdlib\1.9.25\kotlin-stdlib-1.9.25.jar;C:\Users\brent\.m2\repository\org\jetbrains\annotations\13.0\annotations-13.0.jar;C:\Users\brent\.m2\repository\org\jetbrains\kotlin\kotlin-stdlib-jdk7\1.9.25\kotlin-stdlib-jdk7-1.9.25.jar;C:\Users\brent\.m2\repository\com\fasterxml\jackson\core\jackson-annotations\2.18.0\jackson-annotations-2.18.0.jar;C:\Users\brent\.m2\repository\com\fasterxml\jackson\core\jackson-core\2.18.0\jackson-core-2.18.0.jar;C:\Users\brent\.m2\repository\com\fasterxml\jackson\core\jackson-databind\2.18.0\jackson-databind-2.18.0.jar;C:\Users\brent\.m2\repository\org\mariadb\jdbc\mariadb-java-client\3.5.1\mariadb-java-client-3.5.1.jar;C:\Users\brent\.m2\repository\com\github\waffle\waffle-jna\3.3.0\waffle-jna-3.3.0.jar;C:\Users\brent\.m2\repository\net\java\dev\jna\jna\5.13.0\jna-5.13.0.jar;C:\Users\brent\.m2\repository\net\java\dev\jna\jna-platform\5.13.0\jna-platform-5.13.0.jar;C:\Users\brent\.m2\repository\org\slf4j\jcl-over-slf4j\2.0.7\jcl-over-slf4j-2.0.7.jar;C:\Users\brent\.m2\repository\com\github\ben-manes\caffeine\caffeine\2.9.3\caffeine-2.9.3.jar;C:\Users\brent\.m2\repository\com\google\errorprone\error_prone_annotations\2.10.0\error_prone_annotations-2.10.0.jar;C:\Users\brent\.m2\repository\org\checkerframework\checker-qual\3.32.0\checker-qual-3.32.0.jar;C:\Users\brent\.m2\repository\org\slf4j\slf4j-simple\2.0.16\slf4j-simple-2.0.16.jar;C:\Users\brent\.m2\repository\com\google\code\gson\gson\2.3\gson-2.3.jar;"/>
    <property name="sun.cpu.endian" value="little"/>
    <property name="user.home" value="C:\Users\brent"/>
    <property name="user.language" value="en"/>
    <property name="java.specification.vendor" value="Oracle Corporation"/>
    <property name="java.version.date" value="2023-04-18"/>
    <property name="java.home" value="C:\Program Files\Java\jdk-20"/>
    <property name="file.separator" value="\"/>
    <property name="basedir" value="C:\ActualLocalRepo\320Project\CS320OnlineOrdering"/>
    <property name="java.vm.compressedOopsMode" value="Zero based"/>
    <property name="line.separator" value="&#10;"/>
    <property name="java.vm.specification.vendor" value="Oracle Corporation"/>
    <property name="java.specification.name" value="Java Platform API Specification"/>
    <property name="surefire.real.class.path" value="C:\Users\brent\AppData\Local\Temp\surefire14829037903733188823\surefirebooter-20250129151728902_3.jar"/>
    <property name="user.script" value=""/>
    <property name="sun.management.compiler" value="HotSpot 64-Bit Tiered Compilers"/>
    <property name="java.runtime.version" value="20.0.1+9-29"/>
    <property name="user.name" value="brent"/>
    <property name="stdout.encoding" value="Cp1252"/>
    <property name="path.separator" value=";"/>
    <property name="os.version" value="10.0"/>
    <property name="java.runtime.name" value="Java(TM) SE Runtime Environment"/>
    <property name="file.encoding" value="UTF-8"/>
    <property name="java.vm.name" value="Java HotSpot(TM) 64-Bit Server VM"/>
    <property name="localRepository" value="C:\Users\brent\.m2\repository"/>
    <property name="java.vendor.url.bug" value="https://bugreport.java.com/bugreport/"/>
    <property name="java.io.tmpdir" value="C:\Users\brent\AppData\Local\Temp\"/>
    <property name="java.version" value="20.0.1"/>
    <property name="user.dir" value="C:\ActualLocalRepo\320Project\CS320OnlineOrdering"/>
    <property name="os.arch" value="amd64"/>
    <property name="java.vm.specification.name" value="Java Virtual Machine Specification"/>
    <property name="sun.os.patch.level" value=""/>
    <property name="native.encoding" value="Cp1252"/>
    <property name="java.library.path" value="C:\Program Files\Java\jdk-20\bin;C:\WINDOWS\Sun\Java\bin;C:\WINDOWS\system32;C:\WINDOWS;C:\Program Files\Common Files\Oracle\Java\javapath;C:\Program Files (x86)\Common Files\Oracle\Java\javapath;C:\Windows\system32;C:\Windows;C:\Windows\System32\Wbem;C:\Windows\System32\WindowsPowerShell\v1.0\;C:\Windows\System32\OpenSSH\;C:\Program Files\NVIDIA Corporation\NVIDIA NvDLISR;C:\Program Files (x86)\NVIDIA Corporation\PhysX\Common;C:\Program Files\dotnet\;C:\MinGW\bin;C:\WINDOWS\system32;C:\WINDOWS;C:\WINDOWS\System32\Wbem;C:\WINDOWS\System32\WindowsPowerShell\v1.0\;C:\WINDOWS\System32\OpenSSH\;C:\Program Files (x86)\Windows Kits\10\Windows Performance Toolkit\;C:\Maven\apache-maven-3.9.9-bin\apache-maven-3.9.9\bin;C:\Program Files\Git\cmd;C:\Users\brent\AppData\Local\Microsoft\WindowsApps;C:\Users\brent\AppData\Local\Programs\Microsoft VS Code\bin;C:\Program Files\Java\jdk-20\bin;C:\Users\brent\.dotnet\tools;C:\Users\brent\AppData\Local\GitHubDesktop\bin;."/>
    <property name="java.vm.info" value="mixed mode, sharing"/>
    <property name="stderr.encoding" value="Cp1252"/>
    <property name="java.vendor" value="Oracle Corporation"/>
    <property name="java.vm.version" value="20.0.1+9-29"/>
    <property name="sun.io.unicode.encoding" value="UnicodeLittle"/>
    <property name="java.class.version" value="64.0"/>
  </properties>
  <testcase name="shouldAnswerWithTrue" classname="com.CS320.app.MainTest" time="0.001"/>
</testsuite>